[debug] [2025-06-11T04:37:51.618Z] ----------------------------------------------------------------------
[debug] [2025-06-11T04:37:51.625Z] Command:       C:\Program Files\nodejs\node.exe C:\Users\kwaku\AppData\Roaming\npm\node_modules\firebase-tools\lib\bin\firebase.js init functions
[debug] [2025-06-11T04:37:51.626Z] CLI Version:   14.6.0
[debug] [2025-06-11T04:37:51.626Z] Platform:      win32
[debug] [2025-06-11T04:37:51.627Z] Node Version:  v22.16.0
[debug] [2025-06-11T04:37:51.628Z] Time:          Wed Jun 11 2025 05:37:51 GMT+0100 (British dzomeŋɔli gaƒoƒo me)
[debug] [2025-06-11T04:37:51.628Z] ----------------------------------------------------------------------
[debug] 
[debug] [2025-06-11T04:37:51.639Z] > command requires scopes: ["email","openid","https://www.googleapis.com/auth/cloudplatformprojects.readonly","https://www.googleapis.com/auth/firebase","https://www.googleapis.com/auth/cloud-platform"]
[debug] [2025-06-11T04:37:51.640Z] > authorizing via signed-in user (kwakuperin20@gmail.com)
[info] 
     ######## #### ########  ######## ########     ###     ######  ########
     ##        ##  ##     ## ##       ##     ##  ##   ##  ##       ##
     ######    ##  ########  ######   ########  #########  ######  ######
     ##        ##  ##    ##  ##       ##     ## ##     ##       ## ##
     ##       #### ##     ## ######## ########  ##     ##  ######  ########

You're about to initialize a Firebase project in this directory:

  C:\Users\kwaku\OneDrive\Desktop\quickrent-rebuild

[info] 
=== Project Setup
[info] 
[info] First, let's associate this project directory with a Firebase project.
[info] You can create multiple project aliases by running firebase use --add, 
[info] but for now we'll just set up a default project.
[info] 
[debug] [2025-06-11T04:42:24.149Z] Checked if tokens are valid: true, expires at: 1749620169669
[debug] [2025-06-11T04:42:24.149Z] Checked if tokens are valid: true, expires at: 1749620169669
[debug] [2025-06-11T04:42:24.152Z] >>> [apiv2][query] GET https://firebase.googleapis.com/v1beta1/projects pageSize=100
[debug] [2025-06-11T04:42:26.505Z] <<< [apiv2][status] GET https://firebase.googleapis.com/v1beta1/projects 200
[debug] [2025-06-11T04:42:26.505Z] <<< [apiv2][body] GET https://firebase.googleapis.com/v1beta1/projects [omitted]
[info] i  Using project quickrent-2e984 (QuickRent) 
[info] 
=== Functions Setup
[debug] [2025-06-11T04:42:29.021Z] > command requires scopes: ["email","openid","https://www.googleapis.com/auth/cloudplatformprojects.readonly","https://www.googleapis.com/auth/firebase","https://www.googleapis.com/auth/cloud-platform"]
[debug] [2025-06-11T04:42:29.022Z] > authorizing via signed-in user (kwakuperin20@gmail.com)
[debug] [2025-06-11T04:42:29.022Z] [iam] checking project quickrent-2e984 for permissions ["firebase.projects.get"]
[debug] [2025-06-11T04:42:29.023Z] Checked if tokens are valid: true, expires at: 1749620169669
[debug] [2025-06-11T04:42:29.023Z] Checked if tokens are valid: true, expires at: 1749620169669
[debug] [2025-06-11T04:42:29.023Z] >>> [apiv2][query] POST https://cloudresourcemanager.googleapis.com/v1/projects/quickrent-2e984:testIamPermissions [none]
[debug] [2025-06-11T04:42:29.023Z] >>> [apiv2][(partial)header] POST https://cloudresourcemanager.googleapis.com/v1/projects/quickrent-2e984:testIamPermissions x-goog-quota-user=projects/quickrent-2e984
[debug] [2025-06-11T04:42:29.023Z] >>> [apiv2][body] POST https://cloudresourcemanager.googleapis.com/v1/projects/quickrent-2e984:testIamPermissions {"permissions":["firebase.projects.get"]}
[debug] [2025-06-11T04:42:30.113Z] <<< [apiv2][status] POST https://cloudresourcemanager.googleapis.com/v1/projects/quickrent-2e984:testIamPermissions 200
[debug] [2025-06-11T04:42:30.114Z] <<< [apiv2][body] POST https://cloudresourcemanager.googleapis.com/v1/projects/quickrent-2e984:testIamPermissions {"permissions":["firebase.projects.get"]}
[debug] [2025-06-11T04:42:30.115Z] Checked if tokens are valid: true, expires at: 1749620169669
[debug] [2025-06-11T04:42:30.115Z] Checked if tokens are valid: true, expires at: 1749620169669
[debug] [2025-06-11T04:42:30.115Z] Checked if tokens are valid: true, expires at: 1749620169669
[debug] [2025-06-11T04:42:30.115Z] Checked if tokens are valid: true, expires at: 1749620169669
[debug] [2025-06-11T04:42:30.115Z] >>> [apiv2][query] GET https://serviceusage.googleapis.com/v1/projects/quickrent-2e984/services/cloudfunctions.googleapis.com [none]
[debug] [2025-06-11T04:42:30.116Z] >>> [apiv2][(partial)header] GET https://serviceusage.googleapis.com/v1/projects/quickrent-2e984/services/cloudfunctions.googleapis.com x-goog-quota-user=projects/quickrent-2e984
[debug] [2025-06-11T04:42:30.117Z] >>> [apiv2][query] GET https://serviceusage.googleapis.com/v1/projects/quickrent-2e984/services/runtimeconfig.googleapis.com [none]
[debug] [2025-06-11T04:42:30.118Z] >>> [apiv2][(partial)header] GET https://serviceusage.googleapis.com/v1/projects/quickrent-2e984/services/runtimeconfig.googleapis.com x-goog-quota-user=projects/quickrent-2e984
[debug] [2025-06-11T04:42:31.676Z] <<< [apiv2][status] GET https://serviceusage.googleapis.com/v1/projects/quickrent-2e984/services/cloudfunctions.googleapis.com 200
[debug] [2025-06-11T04:42:31.676Z] <<< [apiv2][body] GET https://serviceusage.googleapis.com/v1/projects/quickrent-2e984/services/cloudfunctions.googleapis.com [omitted]
[debug] [2025-06-11T04:42:31.677Z] Checked if tokens are valid: true, expires at: 1749620169669
[debug] [2025-06-11T04:42:31.677Z] Checked if tokens are valid: true, expires at: 1749620169669
[debug] [2025-06-11T04:42:31.677Z] >>> [apiv2][query] POST https://serviceusage.googleapis.com/v1/projects/quickrent-2e984/services/cloudfunctions.googleapis.com:enable [none]
[debug] [2025-06-11T04:42:31.677Z] >>> [apiv2][(partial)header] POST https://serviceusage.googleapis.com/v1/projects/quickrent-2e984/services/cloudfunctions.googleapis.com:enable x-goog-quota-user=projects/quickrent-2e984
[debug] [2025-06-11T04:42:31.697Z] <<< [apiv2][status] GET https://serviceusage.googleapis.com/v1/projects/quickrent-2e984/services/runtimeconfig.googleapis.com 200
[debug] [2025-06-11T04:42:31.697Z] <<< [apiv2][body] GET https://serviceusage.googleapis.com/v1/projects/quickrent-2e984/services/runtimeconfig.googleapis.com [omitted]
[debug] [2025-06-11T04:42:33.548Z] <<< [apiv2][status] POST https://serviceusage.googleapis.com/v1/projects/quickrent-2e984/services/cloudfunctions.googleapis.com:enable 200
[debug] [2025-06-11T04:42:33.548Z] <<< [apiv2][body] POST https://serviceusage.googleapis.com/v1/projects/quickrent-2e984/services/cloudfunctions.googleapis.com:enable [omitted]
[debug] [2025-06-11T04:42:43.554Z] Checked if tokens are valid: true, expires at: 1749620169669
[debug] [2025-06-11T04:42:43.554Z] Checked if tokens are valid: true, expires at: 1749620169669
[debug] [2025-06-11T04:42:43.554Z] >>> [apiv2][query] GET https://serviceusage.googleapis.com/v1/projects/quickrent-2e984/services/cloudfunctions.googleapis.com [none]
[debug] [2025-06-11T04:42:43.554Z] >>> [apiv2][(partial)header] GET https://serviceusage.googleapis.com/v1/projects/quickrent-2e984/services/cloudfunctions.googleapis.com x-goog-quota-user=projects/quickrent-2e984
[debug] [2025-06-11T04:42:45.069Z] <<< [apiv2][status] GET https://serviceusage.googleapis.com/v1/projects/quickrent-2e984/services/cloudfunctions.googleapis.com 200
[debug] [2025-06-11T04:42:45.069Z] <<< [apiv2][body] GET https://serviceusage.googleapis.com/v1/projects/quickrent-2e984/services/cloudfunctions.googleapis.com [omitted]
[info] Let's create a new codebase for your functions.
[info] A directory corresponding to the codebase will be created in your project
[info] with sample code pre-configured.

[info] See https://firebase.google.com/docs/functions/organize-functions for
[info] more information on organizing your functions using codebases.

[info] Functions can be deployed with firebase deploy.

[debug] [2025-06-11T04:43:05.454Z] ExitPromptError: User force closed the prompt with SIGINT
    at Interface.sigint (C:\Users\kwaku\AppData\Roaming\npm\node_modules\firebase-tools\node_modules\@inquirer\core\dist\commonjs\lib\create-prompt.js:101:37)
    at Interface.emit (node:events:518:28)
    at Interface.emit (node:domain:489:12)
    at [_ttyWrite] [as _ttyWrite] (node:internal/readline/interface:1128:18)
    at ReadStream.onkeypress (node:internal/readline/interface:267:20)
    at ReadStream.emit (node:events:530:35)
    at ReadStream.emit (node:domain:489:12)
    at emitKeys (node:internal/readline/utils:370:14)
    at emitKeys.next (<anonymous>)
    at ReadStream.onData (node:internal/readline/emitKeypressEvents:64:36)
[error] 
[error] Error: An unexpected error has occurred.
[debug] [2025-06-11T04:48:29.670Z] ----------------------------------------------------------------------
[debug] [2025-06-11T04:48:29.674Z] Command:       C:\Program Files\nodejs\node.exe C:\Users\kwaku\AppData\Roaming\npm\node_modules\firebase-tools\lib\bin\firebase.js init functions
[debug] [2025-06-11T04:48:29.675Z] CLI Version:   14.6.0
[debug] [2025-06-11T04:48:29.675Z] Platform:      win32
[debug] [2025-06-11T04:48:29.675Z] Node Version:  v22.16.0
[debug] [2025-06-11T04:48:29.675Z] Time:          Wed Jun 11 2025 05:48:29 GMT+0100 (British dzomeŋɔli gaƒoƒo me)
[debug] [2025-06-11T04:48:29.676Z] ----------------------------------------------------------------------
[debug] 
[debug] [2025-06-11T04:48:29.686Z] > command requires scopes: ["email","openid","https://www.googleapis.com/auth/cloudplatformprojects.readonly","https://www.googleapis.com/auth/firebase","https://www.googleapis.com/auth/cloud-platform"]
[debug] [2025-06-11T04:48:29.686Z] > authorizing via signed-in user (kwakuperin20@gmail.com)
[info] 
     ######## #### ########  ######## ########     ###     ######  ########
     ##        ##  ##     ## ##       ##     ##  ##   ##  ##       ##
     ######    ##  ########  ######   ########  #########  ######  ######
     ##        ##  ##    ##  ##       ##     ## ##     ##       ## ##
     ##       #### ##     ## ######## ########  ##     ##  ######  ########

You're about to initialize a Firebase project in this directory:

  C:\Users\kwaku\OneDrive\Desktop\quickrent-rebuild

[info] 
=== Project Setup
[info] 
[info] First, let's associate this project directory with a Firebase project.
[info] You can create multiple project aliases by running firebase use --add, 
[info] but for now we'll just set up a default project.
[info] 
[debug] [2025-06-11T04:49:17.132Z] Checked if tokens are valid: true, expires at: 1749620169669
[debug] [2025-06-11T04:49:17.133Z] Checked if tokens are valid: true, expires at: 1749620169669
[debug] [2025-06-11T04:49:17.135Z] >>> [apiv2][query] GET https://firebase.googleapis.com/v1beta1/projects pageSize=100
[debug] [2025-06-11T04:49:18.353Z] <<< [apiv2][status] GET https://firebase.googleapis.com/v1beta1/projects 200
[debug] [2025-06-11T04:49:18.353Z] <<< [apiv2][body] GET https://firebase.googleapis.com/v1beta1/projects [omitted]
[info] i  Using project quickrent-2e984 (QuickRent) 
[info] 
=== Functions Setup
[debug] [2025-06-11T04:49:21.641Z] > command requires scopes: ["email","openid","https://www.googleapis.com/auth/cloudplatformprojects.readonly","https://www.googleapis.com/auth/firebase","https://www.googleapis.com/auth/cloud-platform"]
[debug] [2025-06-11T04:49:21.642Z] > authorizing via signed-in user (kwakuperin20@gmail.com)
[debug] [2025-06-11T04:49:21.642Z] [iam] checking project quickrent-2e984 for permissions ["firebase.projects.get"]
[debug] [2025-06-11T04:49:21.642Z] Checked if tokens are valid: true, expires at: 1749620169669
[debug] [2025-06-11T04:49:21.643Z] Checked if tokens are valid: true, expires at: 1749620169669
[debug] [2025-06-11T04:49:21.643Z] >>> [apiv2][query] POST https://cloudresourcemanager.googleapis.com/v1/projects/quickrent-2e984:testIamPermissions [none]
[debug] [2025-06-11T04:49:21.643Z] >>> [apiv2][(partial)header] POST https://cloudresourcemanager.googleapis.com/v1/projects/quickrent-2e984:testIamPermissions x-goog-quota-user=projects/quickrent-2e984
[debug] [2025-06-11T04:49:21.643Z] >>> [apiv2][body] POST https://cloudresourcemanager.googleapis.com/v1/projects/quickrent-2e984:testIamPermissions {"permissions":["firebase.projects.get"]}
[debug] [2025-06-11T04:49:22.850Z] <<< [apiv2][status] POST https://cloudresourcemanager.googleapis.com/v1/projects/quickrent-2e984:testIamPermissions 200
[debug] [2025-06-11T04:49:22.850Z] <<< [apiv2][body] POST https://cloudresourcemanager.googleapis.com/v1/projects/quickrent-2e984:testIamPermissions {"permissions":["firebase.projects.get"]}
[debug] [2025-06-11T04:49:22.851Z] Checked if tokens are valid: true, expires at: 1749620169669
[debug] [2025-06-11T04:49:22.851Z] Checked if tokens are valid: true, expires at: 1749620169669
[debug] [2025-06-11T04:49:22.852Z] Checked if tokens are valid: true, expires at: 1749620169669
[debug] [2025-06-11T04:49:22.852Z] Checked if tokens are valid: true, expires at: 1749620169669
[debug] [2025-06-11T04:49:22.852Z] >>> [apiv2][query] GET https://serviceusage.googleapis.com/v1/projects/quickrent-2e984/services/cloudfunctions.googleapis.com [none]
[debug] [2025-06-11T04:49:22.852Z] >>> [apiv2][(partial)header] GET https://serviceusage.googleapis.com/v1/projects/quickrent-2e984/services/cloudfunctions.googleapis.com x-goog-quota-user=projects/quickrent-2e984
[debug] [2025-06-11T04:49:22.856Z] >>> [apiv2][query] GET https://serviceusage.googleapis.com/v1/projects/quickrent-2e984/services/runtimeconfig.googleapis.com [none]
[debug] [2025-06-11T04:49:22.856Z] >>> [apiv2][(partial)header] GET https://serviceusage.googleapis.com/v1/projects/quickrent-2e984/services/runtimeconfig.googleapis.com x-goog-quota-user=projects/quickrent-2e984
[debug] [2025-06-11T04:49:24.083Z] <<< [apiv2][status] GET https://serviceusage.googleapis.com/v1/projects/quickrent-2e984/services/runtimeconfig.googleapis.com 200
[debug] [2025-06-11T04:49:24.083Z] <<< [apiv2][body] GET https://serviceusage.googleapis.com/v1/projects/quickrent-2e984/services/runtimeconfig.googleapis.com [omitted]
[debug] [2025-06-11T04:49:24.095Z] <<< [apiv2][status] GET https://serviceusage.googleapis.com/v1/projects/quickrent-2e984/services/cloudfunctions.googleapis.com 200
[debug] [2025-06-11T04:49:24.095Z] <<< [apiv2][body] GET https://serviceusage.googleapis.com/v1/projects/quickrent-2e984/services/cloudfunctions.googleapis.com [omitted]
[info] Let's create a new codebase for your functions.
[info] A directory corresponding to the codebase will be created in your project
[info] with sample code pre-configured.

[info] See https://firebase.google.com/docs/functions/organize-functions for
[info] more information on organizing your functions using codebases.

[info] Functions can be deployed with firebase deploy.

[info] +  Wrote functions/package.json 
[info] +  Wrote functions/index.js 
[info] +  Wrote functions/.gitignore 
[info] 
[info] +  Wrote configuration info to firebase.json 
[info] +  Wrote project information to .firebaserc 
[info] 
[info] +  Firebase initialization complete! 
[debug] [2025-06-11T05:00:38.452Z] Error: Timed out.
    at Timeout._onTimeout (C:\Users\kwaku\AppData\Roaming\npm\node_modules\firebase-tools\lib\utils.js:267:49)
    at listOnTimeout (node:internal/timers:588:17)
    at process.processTimers (node:internal/timers:523:7)
[error] 
[error] Error: An unexpected error has occurred.
